<?xml version="1.0" encoding="UTF-8"?>
<!-- Generated by org.testng.reporters.JUnitReportReporter -->
<testsuite hostname="ZSCHN01LP0090" failures="0" tests="6" name="runners.MyTestRunner" time="0.151" errors="0" timestamp="2024-02-19T12:59:04 IST" skipped="0">
  <testcase classname="runners.MyTestRunner" name="runScenario" time="0.013"/>
  <system-out/>
  <testcase classname="runners.MyTestRunner" name="runScenario" time="0.013"/>
  <system-out/>
  <testcase classname="runners.MyTestRunner" name="runScenario" time="0.009"/>
  <system-out/>
  <testcase classname="runners.MyTestRunner" name="runScenario" time="0.011"/>
  <system-out/>
  <testcase classname="runners.MyTestRunner" name="runScenario" time="0.012"/>
  <system-out/>
  <testcase classname="runners.MyTestRunner" name="runScenario" time="0.093"/>
  <system-out/>
</testsuite> <!-- runners.MyTestRunner -->
