<?xml version="1.0" encoding="UTF-8"?>
<!-- Generated by org.testng.reporters.JUnitReportReporter -->
<testsuite hostname="ZSCHN01LP0090" failures="0" tests="6" name="runners.MyTestRunner" time="10.782" errors="0" timestamp="2024-02-19T15:00:49 IST" skipped="0">
  <testcase classname="runners.MyTestRunner" name="runScenario" time="1.784"/>
  <system-out/>
  <testcase classname="runners.MyTestRunner" name="runScenario" time="1.143"/>
  <system-out/>
  <testcase classname="runners.MyTestRunner" name="runScenario" time="1.105"/>
  <system-out/>
  <testcase classname="runners.MyTestRunner" name="runScenario" time="1.319"/>
  <system-out/>
  <testcase classname="runners.MyTestRunner" name="runScenario" time="4.611"/>
  <system-out/>
  <testcase classname="runners.MyTestRunner" name="runScenario" time="0.820"/>
  <system-out/>
</testsuite> <!-- runners.MyTestRunner -->
